2014-08-12 14:23:30 Error: [MissingControllerException] Controller class AdminController could not be found.
Exception Attributes: array (
  'class' => 'AdminController',
  'plugin' => NULL,
)
Request URL: /pn/admin/admin
Stack Trace:
#0 C:\xampp\htdocs\pn\admin\app\webroot\index.php(108): Dispatcher->dispatch(Object(CakeRequest), Object(CakeResponse))
#1 {main}
2014-08-12 14:35:04 Error: [MissingActionException] Action UsersController::index() could not be found.
Exception Attributes: array (
  'controller' => 'UsersController',
  'action' => 'index',
)
Request URL: /pn/admin/Users
Stack Trace:
#0 C:\xampp\htdocs\pn\admin\lib\Cake\Routing\Dispatcher.php(191): Controller->invokeAction(Object(CakeRequest))
#1 C:\xampp\htdocs\pn\admin\lib\Cake\Routing\Dispatcher.php(165): Dispatcher->_invoke(Object(UsersController), Object(CakeRequest))
#2 C:\xampp\htdocs\pn\admin\app\webroot\index.php(108): Dispatcher->dispatch(Object(CakeRequest), Object(CakeResponse))
#3 {main}
2014-08-12 14:35:08 Error: [MissingViewException] View file "C:\xampp\htdocs\pn\admin\app\View\Users\login.ctp" is missing.
Exception Attributes: array (
  'file' => 'C:\\xampp\\htdocs\\pn\\admin\\app\\View\\Users\\login.ctp',
)
Request URL: /pn/admin/Users/login
Stack Trace:
#0 C:\xampp\htdocs\pn\admin\lib\Cake\View\View.php(468): View->_getViewFileName(NULL)
#1 C:\xampp\htdocs\pn\admin\lib\Cake\Controller\Controller.php(954): View->render(NULL, NULL)
#2 C:\xampp\htdocs\pn\admin\lib\Cake\Routing\Dispatcher.php(198): Controller->render()
#3 C:\xampp\htdocs\pn\admin\lib\Cake\Routing\Dispatcher.php(165): Dispatcher->_invoke(Object(UsersController), Object(CakeRequest))
#4 C:\xampp\htdocs\pn\admin\app\webroot\index.php(108): Dispatcher->dispatch(Object(CakeRequest), Object(CakeResponse))
#5 {main}
2014-08-12 14:39:58 Error: Fatal Error (1): Call to a member function create() on a non-object in [C:\xampp\htdocs\pn\admin\app\View\Users\login.ctp, line 2]
2014-08-12 14:39:58 Error: [FatalErrorException] Call to a member function create() on a non-object
Request URL: /pn/admin/login
Stack Trace:
#0 C:\xampp\htdocs\pn\admin\lib\Cake\Error\ErrorHandler.php(203): ErrorHandler::handleFatalError(1, 'Call to a membe...', 'C:\\xampp\\htdocs...', 2)
#1 [internal function]: ErrorHandler::handleError(1, 'Call to a membe...', 'C:\\xampp\\htdocs...', 2, Array)
#2 C:\xampp\htdocs\pn\admin\lib\Cake\Core\App.php(931): call_user_func('ErrorHandler::h...', 1, 'Call to a membe...', 'C:\\xampp\\htdocs...', 2, Array)
#3 C:\xampp\htdocs\pn\admin\lib\Cake\Core\App.php(904): App::_checkFatalError()
#4 [internal function]: App::shutdown()
#5 {main}
2014-08-12 14:49:23 Error: [MissingControllerException] Controller class AdminController could not be found.
Exception Attributes: array (
  'class' => 'AdminController',
  'plugin' => NULL,
)
Request URL: /pn/admin/admin/
Stack Trace:
#0 C:\xampp\htdocs\pn\admin\app\webroot\index.php(108): Dispatcher->dispatch(Object(CakeRequest), Object(CakeResponse))
#1 {main}
2014-08-12 14:51:23 Error: [MissingControllerException] Controller class AdminTbOlheirosController could not be found.
Exception Attributes: array (
  'class' => 'AdminTbOlheirosController',
  'plugin' => NULL,
)
Request URL: /pn/admin/adminTbOlheiros
Stack Trace:
#0 C:\xampp\htdocs\pn\admin\app\webroot\index.php(108): Dispatcher->dispatch(Object(CakeRequest), Object(CakeResponse))
#1 {main}
2014-08-12 15:11:49 Error: [MissingControllerException] Controller class DashboardController could not be found.
Exception Attributes: array (
  'class' => 'DashboardController',
  'plugin' => NULL,
)
Request URL: /pn/admin/admin/dashboard
Stack Trace:
#0 C:\xampp\htdocs\pn\admin\app\webroot\index.php(108): Dispatcher->dispatch(Object(CakeRequest), Object(CakeResponse))
#1 {main}
2014-08-12 15:12:08 Error: [MissingControllerException] Controller class DashboardController could not be found.
Exception Attributes: array (
  'class' => 'DashboardController',
  'plugin' => NULL,
)
Request URL: /pn/admin/admin/dashboard
Stack Trace:
#0 C:\xampp\htdocs\pn\admin\app\webroot\index.php(108): Dispatcher->dispatch(Object(CakeRequest), Object(CakeResponse))
#1 {main}
2014-08-12 15:12:14 Error: [MissingControllerException] Controller class DashboardController could not be found.
Exception Attributes: array (
  'class' => 'DashboardController',
  'plugin' => NULL,
)
Request URL: /pn/admin/admin/dashboard
Stack Trace:
#0 C:\xampp\htdocs\pn\admin\app\webroot\index.php(108): Dispatcher->dispatch(Object(CakeRequest), Object(CakeResponse))
#1 {main}
2014-08-12 15:12:27 Error: [MissingControllerException] Controller class DashboardController could not be found.
Exception Attributes: array (
  'class' => 'DashboardController',
  'plugin' => NULL,
)
Request URL: /pn/admin/admin/dashboard
Stack Trace:
#0 C:\xampp\htdocs\pn\admin\app\webroot\index.php(108): Dispatcher->dispatch(Object(CakeRequest), Object(CakeResponse))
#1 {main}
2014-08-12 15:12:29 Error: [MissingControllerException] Controller class DashboardController could not be found.
Exception Attributes: array (
  'class' => 'DashboardController',
  'plugin' => NULL,
)
Request URL: /pn/admin/admin/dashboard
Stack Trace:
#0 C:\xampp\htdocs\pn\admin\app\webroot\index.php(108): Dispatcher->dispatch(Object(CakeRequest), Object(CakeResponse))
#1 {main}
2014-08-12 15:14:20 Error: [MissingLayoutException] Layout file "C:\xampp\htdocs\pn\admin\app\View\Layouts\admin.ctp" is missing.
Exception Attributes: array (
  'file' => 'C:\\xampp\\htdocs\\pn\\admin\\app\\View\\Layouts\\admin.ctp',
)
Request URL: /pn/admin/admin/Tbolheiros
Stack Trace:
#0 C:\xampp\htdocs\pn\admin\lib\Cake\View\View.php(510): View->_getLayoutFileName('admin')
#1 C:\xampp\htdocs\pn\admin\lib\Cake\View\View.php(479): View->renderLayout('', 'admin')
#2 C:\xampp\htdocs\pn\admin\lib\Cake\Controller\Controller.php(954): View->render(NULL, NULL)
#3 C:\xampp\htdocs\pn\admin\lib\Cake\Routing\Dispatcher.php(198): Controller->render()
#4 C:\xampp\htdocs\pn\admin\lib\Cake\Routing\Dispatcher.php(165): Dispatcher->_invoke(Object(TbOlheirosController), Object(CakeRequest))
#5 C:\xampp\htdocs\pn\admin\app\webroot\index.php(108): Dispatcher->dispatch(Object(CakeRequest), Object(CakeResponse))
#6 {main}
2014-08-12 15:23:23 Error: Fatal Error (4): syntax error, unexpected 'exit' (T_EXIT), expecting function (T_FUNCTION) in [C:\xampp\htdocs\pn\admin\app\Controller\AppController.php, line 34]
2014-08-12 15:23:23 Error: [FatalErrorException] syntax error, unexpected 'exit' (T_EXIT), expecting function (T_FUNCTION)
Request URL: /pn/admin/TbOlheiros
Stack Trace:
#0 C:\xampp\htdocs\pn\admin\lib\Cake\Error\ErrorHandler.php(203): ErrorHandler::handleFatalError(4, 'syntax error, u...', 'C:\\xampp\\htdocs...', 34)
#1 [internal function]: ErrorHandler::handleError(4, 'syntax error, u...', 'C:\\xampp\\htdocs...', 34, Array)
#2 C:\xampp\htdocs\pn\admin\lib\Cake\Core\App.php(931): call_user_func('ErrorHandler::h...', 4, 'syntax error, u...', 'C:\\xampp\\htdocs...', 34, Array)
#3 C:\xampp\htdocs\pn\admin\lib\Cake\Core\App.php(904): App::_checkFatalError()
#4 [internal function]: App::shutdown()
#5 {main}
2014-08-12 15:24:07 Error: [MissingControllerException] Controller class AdminController could not be found.
Exception Attributes: array (
  'class' => 'AdminController',
  'plugin' => NULL,
)
Request URL: /pn/admin/admin/TbOlheiros
Stack Trace:
#0 C:\xampp\htdocs\pn\admin\app\webroot\index.php(108): Dispatcher->dispatch(Object(CakeRequest), Object(CakeResponse))
#1 {main}
2014-08-12 15:24:19 Error: [MissingControllerException] Controller class AdminController could not be found.
Exception Attributes: array (
  'class' => 'AdminController',
  'plugin' => NULL,
)
Request URL: /pn/admin/admin/TbOlheiros
Stack Trace:
#0 C:\xampp\htdocs\pn\admin\app\webroot\index.php(108): Dispatcher->dispatch(Object(CakeRequest), Object(CakeResponse))
#1 {main}
2014-08-12 15:24:43 Error: [MissingControllerException] Controller class AdminController could not be found.
Exception Attributes: array (
  'class' => 'AdminController',
  'plugin' => NULL,
)
Request URL: /pn/admin/admin/TbOlheiros
Stack Trace:
#0 C:\xampp\htdocs\pn\admin\app\webroot\index.php(108): Dispatcher->dispatch(Object(CakeRequest), Object(CakeResponse))
#1 {main}
2014-08-12 15:24:44 Error: [MissingControllerException] Controller class AdminController could not be found.
Exception Attributes: array (
  'class' => 'AdminController',
  'plugin' => NULL,
)
Request URL: /pn/admin/admin/TbOlheiros
Stack Trace:
#0 C:\xampp\htdocs\pn\admin\app\webroot\index.php(108): Dispatcher->dispatch(Object(CakeRequest), Object(CakeResponse))
#1 {main}
2014-08-12 15:24:45 Error: [MissingControllerException] Controller class AdminController could not be found.
Exception Attributes: array (
  'class' => 'AdminController',
  'plugin' => NULL,
)
Request URL: /pn/admin/admin/TbOlheiros
Stack Trace:
#0 C:\xampp\htdocs\pn\admin\app\webroot\index.php(108): Dispatcher->dispatch(Object(CakeRequest), Object(CakeResponse))
#1 {main}
2014-08-12 15:24:45 Error: [MissingControllerException] Controller class AdminController could not be found.
Exception Attributes: array (
  'class' => 'AdminController',
  'plugin' => NULL,
)
Request URL: /pn/admin/admin/TbOlheiros
Stack Trace:
#0 C:\xampp\htdocs\pn\admin\app\webroot\index.php(108): Dispatcher->dispatch(Object(CakeRequest), Object(CakeResponse))
#1 {main}
2014-08-12 15:24:49 Error: [MissingControllerException] Controller class AdminController could not be found.
Exception Attributes: array (
  'class' => 'AdminController',
  'plugin' => NULL,
)
Request URL: /pn/admin/admin/TbOlheiros
Stack Trace:
#0 C:\xampp\htdocs\pn\admin\app\webroot\index.php(108): Dispatcher->dispatch(Object(CakeRequest), Object(CakeResponse))
#1 {main}
2014-08-12 15:28:40 Error: [MissingControllerException] Controller class AdminTbOlheirosController could not be found.
Exception Attributes: array (
  'class' => 'AdminTbOlheirosController',
  'plugin' => NULL,
)
Request URL: /pn/admin/adminTbOlheiros
Stack Trace:
#0 C:\xampp\htdocs\pn\admin\app\webroot\index.php(108): Dispatcher->dispatch(Object(CakeRequest), Object(CakeResponse))
#1 {main}
2014-08-12 15:37:50 Error: [MissingControllerException] Controller class PnController could not be found.
Exception Attributes: array (
  'class' => 'PnController',
  'plugin' => NULL,
)
Request URL: /pn/admin/pn/index.php
Stack Trace:
#0 C:\xampp\htdocs\pn\admin\app\webroot\index.php(108): Dispatcher->dispatch(Object(CakeRequest), Object(CakeResponse))
#1 {main}
2014-08-12 15:38:00 Error: [MissingControllerException] Controller class PnController could not be found.
Exception Attributes: array (
  'class' => 'PnController',
  'plugin' => NULL,
)
Request URL: /pn/admin/pn/index.php
Stack Trace:
#0 C:\xampp\htdocs\pn\admin\app\webroot\index.php(108): Dispatcher->dispatch(Object(CakeRequest), Object(CakeResponse))
#1 {main}
2014-08-12 15:38:00 Error: [MissingControllerException] Controller class PnController could not be found.
Exception Attributes: array (
  'class' => 'PnController',
  'plugin' => NULL,
)
Request URL: /pn/admin/pn/index.php
Stack Trace:
#0 C:\xampp\htdocs\pn\admin\app\webroot\index.php(108): Dispatcher->dispatch(Object(CakeRequest), Object(CakeResponse))
#1 {main}
2014-08-12 15:58:28 Error: [MissingControllerException] Controller class TbOlheirosadminController could not be found.
Exception Attributes: array (
  'class' => 'TbOlheirosadminController',
  'plugin' => NULL,
)
Request URL: /pn/admin/admin/TbOlheirosadmin/TbOlheirosadmin/TbOlheirosadmin/TbOlheirosadmin/TbOlheirosadmin/TbOlheirosadmin/TbOlheirosadmin/TbOlheirosadmin/TbOlheirosadmin/TbOlheirosadmin/TbOlheirosadmin/TbOlheirosadmin/TbOlheirosadmin/TbOlheirosadmin/TbOlheirosadmin/TbOlheirosadmin/TbOlheirosadmin/TbOlheirosadmin/TbOlheirosadmin/TbOlheiros
Stack Trace:
#0 C:\xampp\htdocs\pn\admin\app\webroot\index.php(108): Dispatcher->dispatch(Object(CakeRequest), Object(CakeResponse))
#1 {main}
2014-08-12 15:58:38 Error: [MissingLayoutException] Layout file "C:\xampp\htdocs\pn\admin\app\View\Layouts\admin.ctp" is missing.
Exception Attributes: array (
  'file' => 'C:\\xampp\\htdocs\\pn\\admin\\app\\View\\Layouts\\admin.ctp',
)
Request URL: /pn/admin/admin/Tbolheiros
Stack Trace:
#0 C:\xampp\htdocs\pn\admin\lib\Cake\View\View.php(510): View->_getLayoutFileName('admin')
#1 C:\xampp\htdocs\pn\admin\lib\Cake\View\View.php(479): View->renderLayout('', 'admin')
#2 C:\xampp\htdocs\pn\admin\lib\Cake\Controller\Controller.php(954): View->render(NULL, NULL)
#3 C:\xampp\htdocs\pn\admin\lib\Cake\Routing\Dispatcher.php(198): Controller->render()
#4 C:\xampp\htdocs\pn\admin\lib\Cake\Routing\Dispatcher.php(165): Dispatcher->_invoke(Object(TbOlheirosController), Object(CakeRequest))
#5 C:\xampp\htdocs\pn\admin\app\webroot\index.php(108): Dispatcher->dispatch(Object(CakeRequest), Object(CakeResponse))
#6 {main}
2014-08-12 17:45:48 Error: [MissingControllerException] Controller class AdminController could not be found.
Exception Attributes: array (
  'class' => 'AdminController',
  'plugin' => NULL,
)
Request URL: /pn/admin/admin
Stack Trace:
#0 C:\xampp\htdocs\pn\admin\app\webroot\index.php(108): Dispatcher->dispatch(Object(CakeRequest), Object(CakeResponse))
#1 {main}
2014-08-12 18:15:09 Error: [MissingLayoutException] Layout file "C:\xampp\htdocs\pn\admin\app\View\Layouts\admin.ctp" is missing.
Exception Attributes: array (
  'file' => 'C:\\xampp\\htdocs\\pn\\admin\\app\\View\\Layouts\\admin.ctp',
)
Request URL: /pn/admin/
Stack Trace:
#0 C:\xampp\htdocs\pn\admin\lib\Cake\View\View.php(510): View->_getLayoutFileName('admin')
#1 C:\xampp\htdocs\pn\admin\lib\Cake\View\View.php(479): View->renderLayout('', 'admin')
#2 C:\xampp\htdocs\pn\admin\lib\Cake\Controller\Controller.php(954): View->render('home', NULL)
#3 C:\xampp\htdocs\pn\admin\app\Controller\PagesController.php(69): Controller->render('home')
#4 [internal function]: PagesController->display('home')
#5 C:\xampp\htdocs\pn\admin\lib\Cake\Controller\Controller.php(490): ReflectionMethod->invokeArgs(Object(PagesController), Array)
#6 C:\xampp\htdocs\pn\admin\lib\Cake\Routing\Dispatcher.php(191): Controller->invokeAction(Object(CakeRequest))
#7 C:\xampp\htdocs\pn\admin\lib\Cake\Routing\Dispatcher.php(165): Dispatcher->_invoke(Object(PagesController), Object(CakeRequest))
#8 C:\xampp\htdocs\pn\admin\app\webroot\index.php(108): Dispatcher->dispatch(Object(CakeRequest), Object(CakeResponse))
#9 {main}
2014-08-12 18:15:34 Error: [MissingLayoutException] Layout file "C:\xampp\htdocs\pn\admin\app\View\Layouts\admin.ctp" is missing.
Exception Attributes: array (
  'file' => 'C:\\xampp\\htdocs\\pn\\admin\\app\\View\\Layouts\\admin.ctp',
)
Request URL: /pn/admin/
Stack Trace:
#0 C:\xampp\htdocs\pn\admin\lib\Cake\View\View.php(510): View->_getLayoutFileName('admin')
#1 C:\xampp\htdocs\pn\admin\lib\Cake\View\View.php(479): View->renderLayout('', 'admin')
#2 C:\xampp\htdocs\pn\admin\lib\Cake\Controller\Controller.php(954): View->render('home', NULL)
#3 C:\xampp\htdocs\pn\admin\app\Controller\PagesController.php(69): Controller->render('home')
#4 [internal function]: PagesController->display('home')
#5 C:\xampp\htdocs\pn\admin\lib\Cake\Controller\Controller.php(490): ReflectionMethod->invokeArgs(Object(PagesController), Array)
#6 C:\xampp\htdocs\pn\admin\lib\Cake\Routing\Dispatcher.php(191): Controller->invokeAction(Object(CakeRequest))
#7 C:\xampp\htdocs\pn\admin\lib\Cake\Routing\Dispatcher.php(165): Dispatcher->_invoke(Object(PagesController), Object(CakeRequest))
#8 C:\xampp\htdocs\pn\admin\app\webroot\index.php(108): Dispatcher->dispatch(Object(CakeRequest), Object(CakeResponse))
#9 {main}
2014-08-12 18:15:41 Error: [MissingLayoutException] Layout file "C:\xampp\htdocs\pn\admin\app\View\Layouts\admin.ctp" is missing.
Exception Attributes: array (
  'file' => 'C:\\xampp\\htdocs\\pn\\admin\\app\\View\\Layouts\\admin.ctp',
)
Request URL: /pn/admin/
Stack Trace:
#0 C:\xampp\htdocs\pn\admin\lib\Cake\View\View.php(510): View->_getLayoutFileName('admin')
#1 C:\xampp\htdocs\pn\admin\lib\Cake\View\View.php(479): View->renderLayout('', 'admin')
#2 C:\xampp\htdocs\pn\admin\lib\Cake\Controller\Controller.php(954): View->render('home', NULL)
#3 C:\xampp\htdocs\pn\admin\app\Controller\PagesController.php(69): Controller->render('home')
#4 [internal function]: PagesController->display('home')
#5 C:\xampp\htdocs\pn\admin\lib\Cake\Controller\Controller.php(490): ReflectionMethod->invokeArgs(Object(PagesController), Array)
#6 C:\xampp\htdocs\pn\admin\lib\Cake\Routing\Dispatcher.php(191): Controller->invokeAction(Object(CakeRequest))
#7 C:\xampp\htdocs\pn\admin\lib\Cake\Routing\Dispatcher.php(165): Dispatcher->_invoke(Object(PagesController), Object(CakeRequest))
#8 C:\xampp\htdocs\pn\admin\app\webroot\index.php(108): Dispatcher->dispatch(Object(CakeRequest), Object(CakeResponse))
#9 {main}
2014-08-12 18:15:45 Error: [MissingControllerException] Controller class AdminController could not be found.
Exception Attributes: array (
  'class' => 'AdminController',
  'plugin' => NULL,
)
Request URL: /pn/admin/admin/
Stack Trace:
#0 C:\xampp\htdocs\pn\admin\app\webroot\index.php(108): Dispatcher->dispatch(Object(CakeRequest), Object(CakeResponse))
#1 {main}
2014-08-12 18:53:22 Error: [MissingControllerException] Controller class AdminController could not be found.
Exception Attributes: array (
  'class' => 'AdminController',
  'plugin' => NULL,
)
Request URL: /pn/admin/admin/
Stack Trace:
#0 C:\xampp\htdocs\pn\admin\app\webroot\index.php(110): Dispatcher->dispatch(Object(CakeRequest), Object(CakeResponse))
#1 {main}
2014-08-12 19:08:36 Error: [MissingControllerException] Controller class TbOlheirosadminController could not be found.
Exception Attributes: array (
  'class' => 'TbOlheirosadminController',
  'plugin' => NULL,
)
Request URL: /pn/admin/admin/TbOlheirosadmin/TbOlheirosadmin/TbOlheirosadmin/TbOlheirosadmin/TbOlheirosadmin/TbOlheirosadmin/TbOlheirosadmin/TbOlheirosadmin/TbOlheirosadmin/TbOlheirosadmin/TbOlheirosadmin/TbOlheirosadmin/TbOlheirosadmin/TbOlheirosadmin/TbOlheirosadmin/TbOlheirosadmin/TbOlheirosadmin/TbOlheirosadmin/TbOlheirosadmin/TbOlheiros
Stack Trace:
#0 C:\xampp\htdocs\pn\admin\app\webroot\index.php(110): Dispatcher->dispatch(Object(CakeRequest), Object(CakeResponse))
#1 {main}
2014-08-12 19:09:55 Error: [MissingControllerException] Controller class AdminController could not be found.
Exception Attributes: array (
  'class' => 'AdminController',
  'plugin' => NULL,
)
Request URL: /pn/admin/admin/admin/TbOlheiros
Stack Trace:
#0 C:\xampp\htdocs\pn\admin\app\webroot\index.php(110): Dispatcher->dispatch(Object(CakeRequest), Object(CakeResponse))
#1 {main}
2014-08-12 19:10:02 Error: [MissingLayoutException] Layout file "C:\xampp\htdocs\pn\admin\app\View\Layouts\admin.ctp" is missing.
Exception Attributes: array (
  'file' => 'C:\\xampp\\htdocs\\pn\\admin\\app\\View\\Layouts\\admin.ctp',
)
Request URL: /pn/admin/admin/Tbolheiros
Stack Trace:
#0 C:\xampp\htdocs\pn\admin\lib\Cake\View\View.php(510): View->_getLayoutFileName('admin')
#1 C:\xampp\htdocs\pn\admin\lib\Cake\View\View.php(479): View->renderLayout('', 'admin')
#2 C:\xampp\htdocs\pn\admin\lib\Cake\Controller\Controller.php(954): View->render(NULL, NULL)
#3 C:\xampp\htdocs\pn\admin\lib\Cake\Routing\Dispatcher.php(198): Controller->render()
#4 C:\xampp\htdocs\pn\admin\lib\Cake\Routing\Dispatcher.php(165): Dispatcher->_invoke(Object(TbOlheirosController), Object(CakeRequest))
#5 C:\xampp\htdocs\pn\admin\app\webroot\index.php(110): Dispatcher->dispatch(Object(CakeRequest), Object(CakeResponse))
#6 {main}
2014-08-12 19:10:15 Error: [MissingControllerException] Controller class AdminController could not be found.
Exception Attributes: array (
  'class' => 'AdminController',
  'plugin' => NULL,
)
Request URL: /pn/admin/admin/admin/TbOlheiros
Stack Trace:
#0 C:\xampp\htdocs\pn\admin\app\webroot\index.php(110): Dispatcher->dispatch(Object(CakeRequest), Object(CakeResponse))
#1 {main}
2014-08-12 19:11:20 Error: [MissingLayoutException] Layout file "C:\xampp\htdocs\pn\admin\app\View\Layouts\admin.ctp" is missing.
Exception Attributes: array (
  'file' => 'C:\\xampp\\htdocs\\pn\\admin\\app\\View\\Layouts\\admin.ctp',
)
Request URL: /pn/admin/admin/TbOlheiros
Stack Trace:
#0 C:\xampp\htdocs\pn\admin\lib\Cake\View\View.php(510): View->_getLayoutFileName('admin')
#1 C:\xampp\htdocs\pn\admin\lib\Cake\View\View.php(479): View->renderLayout('', 'admin')
#2 C:\xampp\htdocs\pn\admin\lib\Cake\Controller\Controller.php(954): View->render(NULL, NULL)
#3 C:\xampp\htdocs\pn\admin\lib\Cake\Routing\Dispatcher.php(198): Controller->render()
#4 C:\xampp\htdocs\pn\admin\lib\Cake\Routing\Dispatcher.php(165): Dispatcher->_invoke(Object(TbOlheirosController), Object(CakeRequest))
#5 C:\xampp\htdocs\pn\admin\app\webroot\index.php(110): Dispatcher->dispatch(Object(CakeRequest), Object(CakeResponse))
#6 {main}
2014-08-12 19:11:32 Error: [MissingLayoutException] Layout file "C:\xampp\htdocs\pn\admin\app\View\Layouts\admin.ctp" is missing.
Exception Attributes: array (
  'file' => 'C:\\xampp\\htdocs\\pn\\admin\\app\\View\\Layouts\\admin.ctp',
)
Request URL: /pn/admin/admin/TbOlheiros
Stack Trace:
#0 C:\xampp\htdocs\pn\admin\lib\Cake\View\View.php(510): View->_getLayoutFileName('admin')
#1 C:\xampp\htdocs\pn\admin\lib\Cake\View\View.php(479): View->renderLayout('', 'admin')
#2 C:\xampp\htdocs\pn\admin\lib\Cake\Controller\Controller.php(954): View->render(NULL, NULL)
#3 C:\xampp\htdocs\pn\admin\lib\Cake\Routing\Dispatcher.php(198): Controller->render()
#4 C:\xampp\htdocs\pn\admin\lib\Cake\Routing\Dispatcher.php(165): Dispatcher->_invoke(Object(TbOlheirosController), Object(CakeRequest))
#5 C:\xampp\htdocs\pn\admin\app\webroot\index.php(110): Dispatcher->dispatch(Object(CakeRequest), Object(CakeResponse))
#6 {main}
2014-08-12 19:13:52 Error: [MissingLayoutException] Layout file "C:\xampp\htdocs\pn\admin\app\View\Layouts\admin.ctp" is missing.
Exception Attributes: array (
  'file' => 'C:\\xampp\\htdocs\\pn\\admin\\app\\View\\Layouts\\admin.ctp',
)
Request URL: /pn/admin/admin/Tbolheiros
Stack Trace:
#0 C:\xampp\htdocs\pn\admin\lib\Cake\View\View.php(510): View->_getLayoutFileName('admin')
#1 C:\xampp\htdocs\pn\admin\lib\Cake\View\View.php(479): View->renderLayout('', 'admin')
#2 C:\xampp\htdocs\pn\admin\lib\Cake\Controller\Controller.php(954): View->render(NULL, NULL)
#3 C:\xampp\htdocs\pn\admin\lib\Cake\Routing\Dispatcher.php(198): Controller->render()
#4 C:\xampp\htdocs\pn\admin\lib\Cake\Routing\Dispatcher.php(165): Dispatcher->_invoke(Object(TbOlheirosController), Object(CakeRequest))
#5 C:\xampp\htdocs\pn\admin\app\webroot\index.php(108): Dispatcher->dispatch(Object(CakeRequest), Object(CakeResponse))
#6 {main}
2014-08-12 19:14:15 Error: [MissingControllerException] Controller class DashboardController could not be found.
Exception Attributes: array (
  'class' => 'DashboardController',
  'plugin' => NULL,
)
Request URL: /pn/admin/admin/dashboard
Stack Trace:
#0 C:\xampp\htdocs\pn\admin\app\webroot\index.php(108): Dispatcher->dispatch(Object(CakeRequest), Object(CakeResponse))
#1 {main}
2014-08-12 19:14:17 Error: [MissingControllerException] Controller class DashboardController could not be found.
Exception Attributes: array (
  'class' => 'DashboardController',
  'plugin' => NULL,
)
Request URL: /pn/admin/admin/dashboard
Stack Trace:
#0 C:\xampp\htdocs\pn\admin\app\webroot\index.php(108): Dispatcher->dispatch(Object(CakeRequest), Object(CakeResponse))
#1 {main}
2014-08-12 19:15:39 Error: [MissingLayoutException] Layout file "C:\xampp\htdocs\pn\admin\app\View\Layouts\admin.ctp" is missing.
Exception Attributes: array (
  'file' => 'C:\\xampp\\htdocs\\pn\\admin\\app\\View\\Layouts\\admin.ctp',
)
Request URL: /pn/admin/admin/Tbolheiros
Stack Trace:
#0 C:\xampp\htdocs\pn\admin\lib\Cake\View\View.php(510): View->_getLayoutFileName('admin')
#1 C:\xampp\htdocs\pn\admin\lib\Cake\View\View.php(479): View->renderLayout('', 'admin')
#2 C:\xampp\htdocs\pn\admin\lib\Cake\Controller\Controller.php(954): View->render(NULL, NULL)
#3 C:\xampp\htdocs\pn\admin\lib\Cake\Routing\Dispatcher.php(198): Controller->render()
#4 C:\xampp\htdocs\pn\admin\lib\Cake\Routing\Dispatcher.php(165): Dispatcher->_invoke(Object(TbOlheirosController), Object(CakeRequest))
#5 C:\xampp\htdocs\pn\admin\app\webroot\index.php(108): Dispatcher->dispatch(Object(CakeRequest), Object(CakeResponse))
#6 {main}
2014-08-12 19:19:40 Error: [MissingLayoutException] Layout file "C:\xampp\htdocs\pn\admin\app\View\Layouts\admin.ctp" is missing.
Exception Attributes: array (
  'file' => 'C:\\xampp\\htdocs\\pn\\admin\\app\\View\\Layouts\\admin.ctp',
)
Request URL: /pn/admin/TbOlheiros
Stack Trace:
#0 C:\xampp\htdocs\pn\admin\lib\Cake\View\View.php(510): View->_getLayoutFileName('admin')
#1 C:\xampp\htdocs\pn\admin\lib\Cake\View\View.php(479): View->renderLayout('', 'admin')
#2 C:\xampp\htdocs\pn\admin\lib\Cake\Controller\Controller.php(954): View->render(NULL, NULL)
#3 C:\xampp\htdocs\pn\admin\lib\Cake\Routing\Dispatcher.php(198): Controller->render()
#4 C:\xampp\htdocs\pn\admin\lib\Cake\Routing\Dispatcher.php(165): Dispatcher->_invoke(Object(TbOlheirosController), Object(CakeRequest))
#5 C:\xampp\htdocs\pn\admin\app\webroot\index.php(108): Dispatcher->dispatch(Object(CakeRequest), Object(CakeResponse))
#6 {main}
2014-08-12 19:20:14 Error: [MissingLayoutException] Layout file "C:\xampp\htdocs\pn\admin\app\View\Layouts\admin.ctp" is missing.
Exception Attributes: array (
  'file' => 'C:\\xampp\\htdocs\\pn\\admin\\app\\View\\Layouts\\admin.ctp',
)
Request URL: /pn/admin//Tbolheiros
Stack Trace:
#0 C:\xampp\htdocs\pn\admin\lib\Cake\View\View.php(510): View->_getLayoutFileName('admin')
#1 C:\xampp\htdocs\pn\admin\lib\Cake\View\View.php(479): View->renderLayout('', 'admin')
#2 C:\xampp\htdocs\pn\admin\lib\Cake\Controller\Controller.php(954): View->render(NULL, NULL)
#3 C:\xampp\htdocs\pn\admin\lib\Cake\Routing\Dispatcher.php(198): Controller->render()
#4 C:\xampp\htdocs\pn\admin\lib\Cake\Routing\Dispatcher.php(165): Dispatcher->_invoke(Object(TbOlheirosController), Object(CakeRequest))
#5 C:\xampp\htdocs\pn\admin\app\webroot\index.php(108): Dispatcher->dispatch(Object(CakeRequest), Object(CakeResponse))
#6 {main}
2014-08-12 19:20:16 Error: [MissingControllerException] Controller class AdminController could not be found.
Exception Attributes: array (
  'class' => 'AdminController',
  'plugin' => NULL,
)
Request URL: /pn/admin/admin/Tbolheiros
Stack Trace:
#0 C:\xampp\htdocs\pn\admin\app\webroot\index.php(108): Dispatcher->dispatch(Object(CakeRequest), Object(CakeResponse))
#1 {main}
2014-08-12 19:20:18 Error: [MissingLayoutException] Layout file "C:\xampp\htdocs\pn\admin\app\View\Layouts\admin.ctp" is missing.
Exception Attributes: array (
  'file' => 'C:\\xampp\\htdocs\\pn\\admin\\app\\View\\Layouts\\admin.ctp',
)
Request URL: /pn/admin/Tbolheiros
Stack Trace:
#0 C:\xampp\htdocs\pn\admin\lib\Cake\View\View.php(510): View->_getLayoutFileName('admin')
#1 C:\xampp\htdocs\pn\admin\lib\Cake\View\View.php(479): View->renderLayout('', 'admin')
#2 C:\xampp\htdocs\pn\admin\lib\Cake\Controller\Controller.php(954): View->render(NULL, NULL)
#3 C:\xampp\htdocs\pn\admin\lib\Cake\Routing\Dispatcher.php(198): Controller->render()
#4 C:\xampp\htdocs\pn\admin\lib\Cake\Routing\Dispatcher.php(165): Dispatcher->_invoke(Object(TbOlheirosController), Object(CakeRequest))
#5 C:\xampp\htdocs\pn\admin\app\webroot\index.php(108): Dispatcher->dispatch(Object(CakeRequest), Object(CakeResponse))
#6 {main}
2014-08-12 19:20:20 Error: [MissingLayoutException] Layout file "C:\xampp\htdocs\pn\admin\app\View\Layouts\admin.ctp" is missing.
Exception Attributes: array (
  'file' => 'C:\\xampp\\htdocs\\pn\\admin\\app\\View\\Layouts\\admin.ctp',
)
Request URL: /pn/admin/Tbolheiros
Stack Trace:
#0 C:\xampp\htdocs\pn\admin\lib\Cake\View\View.php(510): View->_getLayoutFileName('admin')
#1 C:\xampp\htdocs\pn\admin\lib\Cake\View\View.php(479): View->renderLayout('', 'admin')
#2 C:\xampp\htdocs\pn\admin\lib\Cake\Controller\Controller.php(954): View->render(NULL, NULL)
#3 C:\xampp\htdocs\pn\admin\lib\Cake\Routing\Dispatcher.php(198): Controller->render()
#4 C:\xampp\htdocs\pn\admin\lib\Cake\Routing\Dispatcher.php(165): Dispatcher->_invoke(Object(TbOlheirosController), Object(CakeRequest))
#5 C:\xampp\htdocs\pn\admin\app\webroot\index.php(108): Dispatcher->dispatch(Object(CakeRequest), Object(CakeResponse))
#6 {main}
2014-08-12 19:27:53 Error: [MissingControllerException] Controller class DashboardController could not be found.
Exception Attributes: array (
  'class' => 'DashboardController',
  'plugin' => NULL,
)
Request URL: /pn/admin/dashboard/index/admin:1
Stack Trace:
#0 C:\xampp\htdocs\pn\admin\app\webroot\index.php(108): Dispatcher->dispatch(Object(CakeRequest), Object(CakeResponse))
#1 {main}
2014-08-12 19:42:32 Error: [MissingLayoutException] Layout file "C:\xampp\htdocs\pn\admin\app\View\Layouts\admin.ctp" is missing.
Exception Attributes: array (
  'file' => 'C:\\xampp\\htdocs\\pn\\admin\\app\\View\\Layouts\\admin.ctp',
)
Request URL: /pn/admin/login
Stack Trace:
#0 C:\xampp\htdocs\pn\admin\lib\Cake\View\View.php(510): View->_getLayoutFileName('admin')
#1 C:\xampp\htdocs\pn\admin\lib\Cake\View\View.php(479): View->renderLayout('', 'admin')
#2 C:\xampp\htdocs\pn\admin\lib\Cake\Controller\Controller.php(954): View->render(NULL, NULL)
#3 C:\xampp\htdocs\pn\admin\lib\Cake\Routing\Dispatcher.php(198): Controller->render()
#4 C:\xampp\htdocs\pn\admin\lib\Cake\Routing\Dispatcher.php(165): Dispatcher->_invoke(Object(UsersController), Object(CakeRequest))
#5 C:\xampp\htdocs\pn\admin\app\webroot\index.php(108): Dispatcher->dispatch(Object(CakeRequest), Object(CakeResponse))
#6 {main}
2014-08-12 19:42:42 Error: [MissingLayoutException] Layout file "C:\xampp\htdocs\pn\admin\app\View\Layouts\rteste.ctp" is missing.
Exception Attributes: array (
  'file' => 'C:\\xampp\\htdocs\\pn\\admin\\app\\View\\Layouts\\rteste.ctp',
)
Request URL: /pn/admin/login
Stack Trace:
#0 C:\xampp\htdocs\pn\admin\lib\Cake\View\View.php(510): View->_getLayoutFileName('rteste')
#1 C:\xampp\htdocs\pn\admin\lib\Cake\View\View.php(479): View->renderLayout('', 'rteste')
#2 C:\xampp\htdocs\pn\admin\lib\Cake\Controller\Controller.php(954): View->render(NULL, NULL)
#3 C:\xampp\htdocs\pn\admin\lib\Cake\Routing\Dispatcher.php(198): Controller->render()
#4 C:\xampp\htdocs\pn\admin\lib\Cake\Routing\Dispatcher.php(165): Dispatcher->_invoke(Object(UsersController), Object(CakeRequest))
#5 C:\xampp\htdocs\pn\admin\app\webroot\index.php(108): Dispatcher->dispatch(Object(CakeRequest), Object(CakeResponse))
#6 {main}
2014-08-12 19:45:27 Error: [MissingControllerException] Controller class DashboardController could not be found.
Exception Attributes: array (
  'class' => 'DashboardController',
  'plugin' => NULL,
)
Request URL: /pn/admin/dashboard/index/admin:1
Stack Trace:
#0 C:\xampp\htdocs\pn\admin\app\webroot\index.php(108): Dispatcher->dispatch(Object(CakeRequest), Object(CakeResponse))
#1 {main}
2014-08-12 19:45:27 Error: [MissingControllerException] Controller class DashboardController could not be found.
Exception Attributes: array (
  'class' => 'DashboardController',
  'plugin' => NULL,
)
Request URL: /pn/admin/dashboard/index/admin:1
Stack Trace:
#0 C:\xampp\htdocs\pn\admin\app\webroot\index.php(108): Dispatcher->dispatch(Object(CakeRequest), Object(CakeResponse))
#1 {main}
2014-08-12 19:45:27 Error: [MissingControllerException] Controller class DashboardController could not be found.
Exception Attributes: array (
  'class' => 'DashboardController',
  'plugin' => NULL,
)
Request URL: /pn/admin/dashboard/index/admin:1
Stack Trace:
#0 C:\xampp\htdocs\pn\admin\app\webroot\index.php(108): Dispatcher->dispatch(Object(CakeRequest), Object(CakeResponse))
#1 {main}
2014-08-12 19:45:27 Error: [MissingControllerException] Controller class DashboardController could not be found.
Exception Attributes: array (
  'class' => 'DashboardController',
  'plugin' => NULL,
)
Request URL: /pn/admin/dashboard/index/admin:1
Stack Trace:
#0 C:\xampp\htdocs\pn\admin\app\webroot\index.php(108): Dispatcher->dispatch(Object(CakeRequest), Object(CakeResponse))
#1 {main}
2014-08-12 19:45:27 Error: [MissingControllerException] Controller class DashboardController could not be found.
Exception Attributes: array (
  'class' => 'DashboardController',
  'plugin' => NULL,
)
Request URL: /pn/admin/dashboard/index/admin:1
Stack Trace:
#0 C:\xampp\htdocs\pn\admin\app\webroot\index.php(108): Dispatcher->dispatch(Object(CakeRequest), Object(CakeResponse))
#1 {main}
2014-08-12 19:45:27 Error: [MissingControllerException] Controller class DashboardController could not be found.
Exception Attributes: array (
  'class' => 'DashboardController',
  'plugin' => NULL,
)
Request URL: /pn/admin/dashboard/index/admin:1
Stack Trace:
#0 C:\xampp\htdocs\pn\admin\app\webroot\index.php(108): Dispatcher->dispatch(Object(CakeRequest), Object(CakeResponse))
#1 {main}
2014-08-12 19:45:27 Error: [MissingControllerException] Controller class DashboardController could not be found.
Exception Attributes: array (
  'class' => 'DashboardController',
  'plugin' => NULL,
)
Request URL: /pn/admin/dashboard/index/admin:1
Stack Trace:
#0 C:\xampp\htdocs\pn\admin\app\webroot\index.php(108): Dispatcher->dispatch(Object(CakeRequest), Object(CakeResponse))
#1 {main}
2014-08-12 19:45:28 Error: [MissingControllerException] Controller class DashboardController could not be found.
Exception Attributes: array (
  'class' => 'DashboardController',
  'plugin' => NULL,
)
Request URL: /pn/admin/dashboard/index/admin:1
Stack Trace:
#0 C:\xampp\htdocs\pn\admin\app\webroot\index.php(108): Dispatcher->dispatch(Object(CakeRequest), Object(CakeResponse))
#1 {main}
2014-08-12 19:45:28 Error: [MissingControllerException] Controller class DashboardController could not be found.
Exception Attributes: array (
  'class' => 'DashboardController',
  'plugin' => NULL,
)
Request URL: /pn/admin/dashboard/index/admin:1
Stack Trace:
#0 C:\xampp\htdocs\pn\admin\app\webroot\index.php(108): Dispatcher->dispatch(Object(CakeRequest), Object(CakeResponse))
#1 {main}
2014-08-12 19:45:28 Error: [MissingControllerException] Controller class DashboardController could not be found.
Exception Attributes: array (
  'class' => 'DashboardController',
  'plugin' => NULL,
)
Request URL: /pn/admin/dashboard/index/admin:1
Stack Trace:
#0 C:\xampp\htdocs\pn\admin\app\webroot\index.php(108): Dispatcher->dispatch(Object(CakeRequest), Object(CakeResponse))
#1 {main}
2014-08-12 19:45:31 Error: [MissingControllerException] Controller class DashboardController could not be found.
Exception Attributes: array (
  'class' => 'DashboardController',
  'plugin' => NULL,
)
Request URL: /pn/admin/dashboard/index/admin:1
Stack Trace:
#0 C:\xampp\htdocs\pn\admin\app\webroot\index.php(108): Dispatcher->dispatch(Object(CakeRequest), Object(CakeResponse))
#1 {main}
2014-08-12 19:45:31 Error: [MissingControllerException] Controller class DashboardController could not be found.
Exception Attributes: array (
  'class' => 'DashboardController',
  'plugin' => NULL,
)
Request URL: /pn/admin/dashboard/index/admin:1
Stack Trace:
#0 C:\xampp\htdocs\pn\admin\app\webroot\index.php(108): Dispatcher->dispatch(Object(CakeRequest), Object(CakeResponse))
#1 {main}
2014-08-12 19:45:31 Error: [MissingControllerException] Controller class DashboardController could not be found.
Exception Attributes: array (
  'class' => 'DashboardController',
  'plugin' => NULL,
)
Request URL: /pn/admin/dashboard/index/admin:1
Stack Trace:
#0 C:\xampp\htdocs\pn\admin\app\webroot\index.php(108): Dispatcher->dispatch(Object(CakeRequest), Object(CakeResponse))
#1 {main}
2014-08-12 19:45:32 Error: [MissingControllerException] Controller class DashboardController could not be found.
Exception Attributes: array (
  'class' => 'DashboardController',
  'plugin' => NULL,
)
Request URL: /pn/admin/dashboard/index/admin:1
Stack Trace:
#0 C:\xampp\htdocs\pn\admin\app\webroot\index.php(108): Dispatcher->dispatch(Object(CakeRequest), Object(CakeResponse))
#1 {main}
2014-08-12 19:45:32 Error: [MissingControllerException] Controller class DashboardController could not be found.
Exception Attributes: array (
  'class' => 'DashboardController',
  'plugin' => NULL,
)
Request URL: /pn/admin/dashboard/index/admin:1
Stack Trace:
#0 C:\xampp\htdocs\pn\admin\app\webroot\index.php(108): Dispatcher->dispatch(Object(CakeRequest), Object(CakeResponse))
#1 {main}
2014-08-12 19:45:32 Error: [MissingControllerException] Controller class DashboardController could not be found.
Exception Attributes: array (
  'class' => 'DashboardController',
  'plugin' => NULL,
)
Request URL: /pn/admin/dashboard/index/admin:1
Stack Trace:
#0 C:\xampp\htdocs\pn\admin\app\webroot\index.php(108): Dispatcher->dispatch(Object(CakeRequest), Object(CakeResponse))
#1 {main}
2014-08-12 19:45:32 Error: [MissingControllerException] Controller class DashboardController could not be found.
Exception Attributes: array (
  'class' => 'DashboardController',
  'plugin' => NULL,
)
Request URL: /pn/admin/dashboard/index/admin:1
Stack Trace:
#0 C:\xampp\htdocs\pn\admin\app\webroot\index.php(108): Dispatcher->dispatch(Object(CakeRequest), Object(CakeResponse))
#1 {main}
2014-08-12 19:45:32 Error: [MissingControllerException] Controller class DashboardController could not be found.
Exception Attributes: array (
  'class' => 'DashboardController',
  'plugin' => NULL,
)
Request URL: /pn/admin/dashboard/index/admin:1
Stack Trace:
#0 C:\xampp\htdocs\pn\admin\app\webroot\index.php(108): Dispatcher->dispatch(Object(CakeRequest), Object(CakeResponse))
#1 {main}
2014-08-12 19:45:32 Error: [MissingControllerException] Controller class DashboardController could not be found.
Exception Attributes: array (
  'class' => 'DashboardController',
  'plugin' => NULL,
)
Request URL: /pn/admin/dashboard/index/admin:1
Stack Trace:
#0 C:\xampp\htdocs\pn\admin\app\webroot\index.php(108): Dispatcher->dispatch(Object(CakeRequest), Object(CakeResponse))
#1 {main}
2014-08-12 19:45:32 Error: [MissingControllerException] Controller class DashboardController could not be found.
Exception Attributes: array (
  'class' => 'DashboardController',
  'plugin' => NULL,
)
Request URL: /pn/admin/dashboard/index/admin:1
Stack Trace:
#0 C:\xampp\htdocs\pn\admin\app\webroot\index.php(108): Dispatcher->dispatch(Object(CakeRequest), Object(CakeResponse))
#1 {main}
2014-08-12 19:45:36 Error: [MissingControllerException] Controller class DashboardController could not be found.
Exception Attributes: array (
  'class' => 'DashboardController',
  'plugin' => NULL,
)
Request URL: /pn/admin/dashboard/index/admin:1
Stack Trace:
#0 C:\xampp\htdocs\pn\admin\app\webroot\index.php(108): Dispatcher->dispatch(Object(CakeRequest), Object(CakeResponse))
#1 {main}
2014-08-12 19:45:37 Error: [MissingControllerException] Controller class DashboardController could not be found.
Exception Attributes: array (
  'class' => 'DashboardController',
  'plugin' => NULL,
)
Request URL: /pn/admin/dashboard/index/admin:1
Stack Trace:
#0 C:\xampp\htdocs\pn\admin\app\webroot\index.php(108): Dispatcher->dispatch(Object(CakeRequest), Object(CakeResponse))
#1 {main}
2014-08-12 19:45:37 Error: [MissingControllerException] Controller class DashboardController could not be found.
Exception Attributes: array (
  'class' => 'DashboardController',
  'plugin' => NULL,
)
Request URL: /pn/admin/dashboard/index/admin:1
Stack Trace:
#0 C:\xampp\htdocs\pn\admin\app\webroot\index.php(108): Dispatcher->dispatch(Object(CakeRequest), Object(CakeResponse))
#1 {main}
2014-08-12 19:45:37 Error: [MissingControllerException] Controller class DashboardController could not be found.
Exception Attributes: array (
  'class' => 'DashboardController',
  'plugin' => NULL,
)
Request URL: /pn/admin/dashboard/index/admin:1
Stack Trace:
#0 C:\xampp\htdocs\pn\admin\app\webroot\index.php(108): Dispatcher->dispatch(Object(CakeRequest), Object(CakeResponse))
#1 {main}
2014-08-12 19:45:37 Error: [MissingControllerException] Controller class DashboardController could not be found.
Exception Attributes: array (
  'class' => 'DashboardController',
  'plugin' => NULL,
)
Request URL: /pn/admin/dashboard/index/admin:1
Stack Trace:
#0 C:\xampp\htdocs\pn\admin\app\webroot\index.php(108): Dispatcher->dispatch(Object(CakeRequest), Object(CakeResponse))
#1 {main}
2014-08-12 19:45:37 Error: [MissingControllerException] Controller class DashboardController could not be found.
Exception Attributes: array (
  'class' => 'DashboardController',
  'plugin' => NULL,
)
Request URL: /pn/admin/dashboard/index/admin:1
Stack Trace:
#0 C:\xampp\htdocs\pn\admin\app\webroot\index.php(108): Dispatcher->dispatch(Object(CakeRequest), Object(CakeResponse))
#1 {main}
2014-08-12 19:45:37 Error: [MissingControllerException] Controller class DashboardController could not be found.
Exception Attributes: array (
  'class' => 'DashboardController',
  'plugin' => NULL,
)
Request URL: /pn/admin/dashboard/index/admin:1
Stack Trace:
#0 C:\xampp\htdocs\pn\admin\app\webroot\index.php(108): Dispatcher->dispatch(Object(CakeRequest), Object(CakeResponse))
#1 {main}
2014-08-12 19:45:37 Error: [MissingControllerException] Controller class DashboardController could not be found.
Exception Attributes: array (
  'class' => 'DashboardController',
  'plugin' => NULL,
)
Request URL: /pn/admin/dashboard/index/admin:1
Stack Trace:
#0 C:\xampp\htdocs\pn\admin\app\webroot\index.php(108): Dispatcher->dispatch(Object(CakeRequest), Object(CakeResponse))
#1 {main}
2014-08-12 19:45:37 Error: [MissingControllerException] Controller class DashboardController could not be found.
Exception Attributes: array (
  'class' => 'DashboardController',
  'plugin' => NULL,
)
Request URL: /pn/admin/dashboard/index/admin:1
Stack Trace:
#0 C:\xampp\htdocs\pn\admin\app\webroot\index.php(108): Dispatcher->dispatch(Object(CakeRequest), Object(CakeResponse))
#1 {main}
2014-08-12 19:45:37 Error: [MissingControllerException] Controller class DashboardController could not be found.
Exception Attributes: array (
  'class' => 'DashboardController',
  'plugin' => NULL,
)
Request URL: /pn/admin/dashboard/index/admin:1
Stack Trace:
#0 C:\xampp\htdocs\pn\admin\app\webroot\index.php(108): Dispatcher->dispatch(Object(CakeRequest), Object(CakeResponse))
#1 {main}
2014-08-12 19:45:43 Error: [MissingControllerException] Controller class DashboardController could not be found.
Exception Attributes: array (
  'class' => 'DashboardController',
  'plugin' => NULL,
)
Request URL: /pn/admin/dashboard/index/admin:1
Stack Trace:
#0 C:\xampp\htdocs\pn\admin\app\webroot\index.php(108): Dispatcher->dispatch(Object(CakeRequest), Object(CakeResponse))
#1 {main}
2014-08-12 19:45:43 Error: [MissingControllerException] Controller class DashboardController could not be found.
Exception Attributes: array (
  'class' => 'DashboardController',
  'plugin' => NULL,
)
Request URL: /pn/admin/dashboard/index/admin:1
Stack Trace:
#0 C:\xampp\htdocs\pn\admin\app\webroot\index.php(108): Dispatcher->dispatch(Object(CakeRequest), Object(CakeResponse))
#1 {main}
2014-08-12 19:45:43 Error: [MissingControllerException] Controller class DashboardController could not be found.
Exception Attributes: array (
  'class' => 'DashboardController',
  'plugin' => NULL,
)
Request URL: /pn/admin/dashboard/index/admin:1
Stack Trace:
#0 C:\xampp\htdocs\pn\admin\app\webroot\index.php(108): Dispatcher->dispatch(Object(CakeRequest), Object(CakeResponse))
#1 {main}
2014-08-12 19:45:43 Error: [MissingControllerException] Controller class DashboardController could not be found.
Exception Attributes: array (
  'class' => 'DashboardController',
  'plugin' => NULL,
)
Request URL: /pn/admin/dashboard/index/admin:1
Stack Trace:
#0 C:\xampp\htdocs\pn\admin\app\webroot\index.php(108): Dispatcher->dispatch(Object(CakeRequest), Object(CakeResponse))
#1 {main}
2014-08-12 19:45:43 Error: [MissingControllerException] Controller class DashboardController could not be found.
Exception Attributes: array (
  'class' => 'DashboardController',
  'plugin' => NULL,
)
Request URL: /pn/admin/dashboard/index/admin:1
Stack Trace:
#0 C:\xampp\htdocs\pn\admin\app\webroot\index.php(108): Dispatcher->dispatch(Object(CakeRequest), Object(CakeResponse))
#1 {main}
2014-08-12 19:45:43 Error: [MissingControllerException] Controller class DashboardController could not be found.
Exception Attributes: array (
  'class' => 'DashboardController',
  'plugin' => NULL,
)
Request URL: /pn/admin/dashboard/index/admin:1
Stack Trace:
#0 C:\xampp\htdocs\pn\admin\app\webroot\index.php(108): Dispatcher->dispatch(Object(CakeRequest), Object(CakeResponse))
#1 {main}
2014-08-12 19:45:44 Error: [MissingControllerException] Controller class DashboardController could not be found.
Exception Attributes: array (
  'class' => 'DashboardController',
  'plugin' => NULL,
)
Request URL: /pn/admin/dashboard/index/admin:1
Stack Trace:
#0 C:\xampp\htdocs\pn\admin\app\webroot\index.php(108): Dispatcher->dispatch(Object(CakeRequest), Object(CakeResponse))
#1 {main}
2014-08-12 19:45:44 Error: [MissingControllerException] Controller class DashboardController could not be found.
Exception Attributes: array (
  'class' => 'DashboardController',
  'plugin' => NULL,
)
Request URL: /pn/admin/dashboard/index/admin:1
Stack Trace:
#0 C:\xampp\htdocs\pn\admin\app\webroot\index.php(108): Dispatcher->dispatch(Object(CakeRequest), Object(CakeResponse))
#1 {main}
2014-08-12 19:45:44 Error: [MissingControllerException] Controller class DashboardController could not be found.
Exception Attributes: array (
  'class' => 'DashboardController',
  'plugin' => NULL,
)
Request URL: /pn/admin/dashboard/index/admin:1
Stack Trace:
#0 C:\xampp\htdocs\pn\admin\app\webroot\index.php(108): Dispatcher->dispatch(Object(CakeRequest), Object(CakeResponse))
#1 {main}
2014-08-12 19:45:44 Error: [MissingControllerException] Controller class DashboardController could not be found.
Exception Attributes: array (
  'class' => 'DashboardController',
  'plugin' => NULL,
)
Request URL: /pn/admin/dashboard/index/admin:1
Stack Trace:
#0 C:\xampp\htdocs\pn\admin\app\webroot\index.php(108): Dispatcher->dispatch(Object(CakeRequest), Object(CakeResponse))
#1 {main}
2014-08-12 19:45:57 Error: [MissingControllerException] Controller class DashboardController could not be found.
Exception Attributes: array (
  'class' => 'DashboardController',
  'plugin' => NULL,
)
Request URL: /pn/admin/dashboard/index/admin:1
Stack Trace:
#0 C:\xampp\htdocs\pn\admin\app\webroot\index.php(108): Dispatcher->dispatch(Object(CakeRequest), Object(CakeResponse))
#1 {main}
2014-08-12 19:46:25 Error: [MissingControllerException] Controller class DashboardController could not be found.
Exception Attributes: array (
  'class' => 'DashboardController',
  'plugin' => NULL,
)
Request URL: /pn/admin/dashboard/index/admin:1
Stack Trace:
#0 C:\xampp\htdocs\pn\admin\app\webroot\index.php(108): Dispatcher->dispatch(Object(CakeRequest), Object(CakeResponse))
#1 {main}
2014-08-12 19:46:25 Error: [MissingControllerException] Controller class DashboardController could not be found.
Exception Attributes: array (
  'class' => 'DashboardController',
  'plugin' => NULL,
)
Request URL: /pn/admin/dashboard/index/admin:1
Stack Trace:
#0 C:\xampp\htdocs\pn\admin\app\webroot\index.php(108): Dispatcher->dispatch(Object(CakeRequest), Object(CakeResponse))
#1 {main}
2014-08-12 19:46:25 Error: [MissingControllerException] Controller class DashboardController could not be found.
Exception Attributes: array (
  'class' => 'DashboardController',
  'plugin' => NULL,
)
Request URL: /pn/admin/dashboard/index/admin:1
Stack Trace:
#0 C:\xampp\htdocs\pn\admin\app\webroot\index.php(108): Dispatcher->dispatch(Object(CakeRequest), Object(CakeResponse))
#1 {main}
2014-08-12 19:46:26 Error: [MissingControllerException] Controller class DashboardController could not be found.
Exception Attributes: array (
  'class' => 'DashboardController',
  'plugin' => NULL,
)
Request URL: /pn/admin/dashboard/index/admin:1
Stack Trace:
#0 C:\xampp\htdocs\pn\admin\app\webroot\index.php(108): Dispatcher->dispatch(Object(CakeRequest), Object(CakeResponse))
#1 {main}
2014-08-12 19:46:26 Error: [MissingControllerException] Controller class DashboardController could not be found.
Exception Attributes: array (
  'class' => 'DashboardController',
  'plugin' => NULL,
)
Request URL: /pn/admin/dashboard/index/admin:1
Stack Trace:
#0 C:\xampp\htdocs\pn\admin\app\webroot\index.php(108): Dispatcher->dispatch(Object(CakeRequest), Object(CakeResponse))
#1 {main}
2014-08-12 19:46:26 Error: [MissingControllerException] Controller class DashboardController could not be found.
Exception Attributes: array (
  'class' => 'DashboardController',
  'plugin' => NULL,
)
Request URL: /pn/admin/dashboard/index/admin:1
Stack Trace:
#0 C:\xampp\htdocs\pn\admin\app\webroot\index.php(108): Dispatcher->dispatch(Object(CakeRequest), Object(CakeResponse))
#1 {main}
2014-08-12 19:46:26 Error: [MissingControllerException] Controller class DashboardController could not be found.
Exception Attributes: array (
  'class' => 'DashboardController',
  'plugin' => NULL,
)
Request URL: /pn/admin/dashboard/index/admin:1
Stack Trace:
#0 C:\xampp\htdocs\pn\admin\app\webroot\index.php(108): Dispatcher->dispatch(Object(CakeRequest), Object(CakeResponse))
#1 {main}
2014-08-12 19:46:26 Error: [MissingControllerException] Controller class DashboardController could not be found.
Exception Attributes: array (
  'class' => 'DashboardController',
  'plugin' => NULL,
)
Request URL: /pn/admin/dashboard/index/admin:1
Stack Trace:
#0 C:\xampp\htdocs\pn\admin\app\webroot\index.php(108): Dispatcher->dispatch(Object(CakeRequest), Object(CakeResponse))
#1 {main}
2014-08-12 19:46:26 Error: [MissingControllerException] Controller class DashboardController could not be found.
Exception Attributes: array (
  'class' => 'DashboardController',
  'plugin' => NULL,
)
Request URL: /pn/admin/dashboard/index/admin:1
Stack Trace:
#0 C:\xampp\htdocs\pn\admin\app\webroot\index.php(108): Dispatcher->dispatch(Object(CakeRequest), Object(CakeResponse))
#1 {main}
2014-08-12 19:46:39 Error: [MissingControllerException] Controller class DashboardController could not be found.
Exception Attributes: array (
  'class' => 'DashboardController',
  'plugin' => NULL,
)
Request URL: /pn/admin/dashboard/index/admin:1
Stack Trace:
#0 C:\xampp\htdocs\pn\admin\app\webroot\index.php(108): Dispatcher->dispatch(Object(CakeRequest), Object(CakeResponse))
#1 {main}
2014-08-12 19:46:39 Error: [MissingControllerException] Controller class DashboardController could not be found.
Exception Attributes: array (
  'class' => 'DashboardController',
  'plugin' => NULL,
)
Request URL: /pn/admin/dashboard/index/admin:1
Stack Trace:
#0 C:\xampp\htdocs\pn\admin\app\webroot\index.php(108): Dispatcher->dispatch(Object(CakeRequest), Object(CakeResponse))
#1 {main}
2014-08-12 19:46:39 Error: [MissingControllerException] Controller class DashboardController could not be found.
Exception Attributes: array (
  'class' => 'DashboardController',
  'plugin' => NULL,
)
Request URL: /pn/admin/dashboard/index/admin:1
Stack Trace:
#0 C:\xampp\htdocs\pn\admin\app\webroot\index.php(108): Dispatcher->dispatch(Object(CakeRequest), Object(CakeResponse))
#1 {main}
2014-08-12 19:46:39 Error: [MissingControllerException] Controller class DashboardController could not be found.
Exception Attributes: array (
  'class' => 'DashboardController',
  'plugin' => NULL,
)
Request URL: /pn/admin/dashboard/index/admin:1
Stack Trace:
#0 C:\xampp\htdocs\pn\admin\app\webroot\index.php(108): Dispatcher->dispatch(Object(CakeRequest), Object(CakeResponse))
#1 {main}
2014-08-12 19:46:39 Error: [MissingControllerException] Controller class DashboardController could not be found.
Exception Attributes: array (
  'class' => 'DashboardController',
  'plugin' => NULL,
)
Request URL: /pn/admin/dashboard/index/admin:1
Stack Trace:
#0 C:\xampp\htdocs\pn\admin\app\webroot\index.php(108): Dispatcher->dispatch(Object(CakeRequest), Object(CakeResponse))
#1 {main}
2014-08-12 19:46:39 Error: [MissingControllerException] Controller class DashboardController could not be found.
Exception Attributes: array (
  'class' => 'DashboardController',
  'plugin' => NULL,
)
Request URL: /pn/admin/dashboard/index/admin:1
Stack Trace:
#0 C:\xampp\htdocs\pn\admin\app\webroot\index.php(108): Dispatcher->dispatch(Object(CakeRequest), Object(CakeResponse))
#1 {main}
2014-08-12 19:46:39 Error: [MissingControllerException] Controller class DashboardController could not be found.
Exception Attributes: array (
  'class' => 'DashboardController',
  'plugin' => NULL,
)
Request URL: /pn/admin/dashboard/index/admin:1
Stack Trace:
#0 C:\xampp\htdocs\pn\admin\app\webroot\index.php(108): Dispatcher->dispatch(Object(CakeRequest), Object(CakeResponse))
#1 {main}
2014-08-12 19:46:40 Error: [MissingControllerException] Controller class DashboardController could not be found.
Exception Attributes: array (
  'class' => 'DashboardController',
  'plugin' => NULL,
)
Request URL: /pn/admin/dashboard/index/admin:1
Stack Trace:
#0 C:\xampp\htdocs\pn\admin\app\webroot\index.php(108): Dispatcher->dispatch(Object(CakeRequest), Object(CakeResponse))
#1 {main}
2014-08-12 19:46:40 Error: [MissingControllerException] Controller class DashboardController could not be found.
Exception Attributes: array (
  'class' => 'DashboardController',
  'plugin' => NULL,
)
Request URL: /pn/admin/dashboard/index/admin:1
Stack Trace:
#0 C:\xampp\htdocs\pn\admin\app\webroot\index.php(108): Dispatcher->dispatch(Object(CakeRequest), Object(CakeResponse))
#1 {main}
2014-08-12 19:46:40 Error: [MissingControllerException] Controller class DashboardController could not be found.
Exception Attributes: array (
  'class' => 'DashboardController',
  'plugin' => NULL,
)
Request URL: /pn/admin/dashboard/index/admin:1
Stack Trace:
#0 C:\xampp\htdocs\pn\admin\app\webroot\index.php(108): Dispatcher->dispatch(Object(CakeRequest), Object(CakeResponse))
#1 {main}
2014-08-12 19:47:07 Error: [MissingControllerException] Controller class DashboardController could not be found.
Exception Attributes: array (
  'class' => 'DashboardController',
  'plugin' => NULL,
)
Request URL: /pn/admin/dashboard/index/admin:1
Stack Trace:
#0 C:\xampp\htdocs\pn\admin\app\webroot\index.php(108): Dispatcher->dispatch(Object(CakeRequest), Object(CakeResponse))
#1 {main}
